<html>
<head>
<title>TestNG:  Test Cases For Cross browser Test</title>
<link href="../testng.css" rel="stylesheet" type="text/css" />
<link href="../my-testng.css" rel="stylesheet" type="text/css" />

<style type="text/css">
.log { display: none;} 
.stack-trace { display: none;} 
</style>
<script type="text/javascript">
<!--
function flip(e) {
  current = e.style.display;
  if (current == 'block') {
    e.style.display = 'none';
    return 0;
  }
  else {
    e.style.display = 'block';
    return 1;
  }
}

function toggleBox(szDivId, elem, msg1, msg2)
{
  var res = -1;  if (document.getElementById) {
    res = flip(document.getElementById(szDivId));
  }
  else if (document.all) {
    // this is the way old msie versions work
    res = flip(document.all[szDivId]);
  }
  if(elem) {
    if(res == 0) elem.innerHTML = msg1; else elem.innerHTML = msg2;
  }

}

function toggleAllBoxes() {
  if (document.getElementsByTagName) {
    d = document.getElementsByTagName('div');
    for (i = 0; i < d.length; i++) {
      if (d[i].className == 'log') {
        flip(d[i]);
      }
    }
  }
}

// -->
</script>

</head>
<body>
<h2 align='center'>Test Cases For Cross browser Test</h2><table border='1' align="center">
<tr>
<td>Tests passed/Failed/Skipped:</td><td>2/1/0</td>
</tr><tr>
<td>Started on:</td><td>Sun Nov 29 22:06:59 IST 2020</td>
</tr>
<tr><td>Total time:</td><td>621 seconds (621736 ms)</td>
</tr><tr>
<td>Included groups:</td><td></td>
</tr><tr>
<td>Excluded groups:</td><td></td>
</tr>
</table><p/>
<small><i>(Hover the method name to see the test class name)</i></small><p/>
<table width='100%' border='1' class='invocation-failed'>
<tr><td colspan='4' align='center'><b>FAILED TESTS</b></td></tr>
<tr><td><b>Test method</b></td>
<td width="30%"><b>Exception</b></td>
<td width="10%"><b>Time (seconds)</b></td>
<td><b>Instance</b></td>
</tr>
<tr>
<td title='com.selenium.testng.CrossBrowser.chrome()'><b>chrome</b><br>Test class: com.selenium.testng.CrossBrowser</td>
<td><div><pre>org.openqa.selenium.SessionNotCreatedException: session not created
from timeout: Timed out receiving message from renderer: 600.000
  (Session info: chrome=87.0.4280.66)
Build info: version: &apos;3.141.59&apos;, revision: &apos;e82be7d358&apos;, time: &apos;2018-11-14T08:17:03&apos;
System info: host: &apos;DESKTOP-UJR729K&apos;, ip: &apos;192.168.56.1&apos;, os.name: &apos;Windows 10&apos;, os.arch: &apos;amd64&apos;, os.version: &apos;10.0&apos;, java.version: &apos;14.0.2&apos;
Driver info: driver.version: ChromeDriver
remote stacktrace: Backtrace:
	Ordinal0 [0x00A0ECE3+3337443]
	Ordinal0 [0x008EF041+2158657]
	Ordinal0 [0x00776FA8+618408]
	Ordinal0 [0x0076AE8F+568975]
	Ordinal0 [0x0076A131+565553]
	Ordinal0 [0x0076A525+566565]
	Ordinal0 [0x00769E45+564805]
	Ordinal0 [0x007735C1+603585]
	Ordinal0 [0x00769E01+564737]
	Ordinal0 [0x0076ABB2+568242]
	Ordinal0 [0x0076A131+565553]
	Ordinal0 [0x0076A525+566565]
	Ordinal0 [0x00769E45+564805]
	Ordinal0 [0x00771A3C+596540]
	Ordinal0 [0x00769E01+564737]
	Ordinal0 [0x0076ABB2+568242]
	Ordinal0 [0x0076A131+565553]
	Ordinal0 [0x0076A525+566565]
	Ordinal0 [0x00769E45+564805]
	Ordinal0 [0x0076FB72+588658]
	Ordinal0 [0x00769E01+564737]
	Ordinal0 [0x0076ABB2+568242]
	Ordinal0 [0x0076A131+565553]
	Ordinal0 [0x0076A525+566565]
	Ordinal0 [0x00769E45+564805]
	Ordinal0 [0x0076ED85+585093]
	Ordinal0 [0x00769E01+564737]
	Ordinal0 [0x0076ABB2+568242]
	Ordinal0 [0x0076A131+565553]
	Ordinal0 [0x0076A525+566565]
	Ordinal0 [0x00769E45+564805]
	Ordinal0 [0x00766486+550022]
	Ordinal0 [0x00769E01+564737]
	Ordinal0 [0x00769C23+564259]
	Ordinal0 [0x00769A17+563735]
	Ordinal0 [0x00777FD0+622544]
	Ordinal0 [0x00716B2D+224045]
	Ordinal0 [0x00715BFC+220156]
	Ordinal0 [0x0071181B+202779]
	Ordinal0 [0x006F3D74+81268]
	Ordinal0 [0x006F4D6E+85358]
	Ordinal0 [0x006F4CF9+85241]
	Ordinal0 [0x00906F2C+2256684]
	GetHandleVerifier [0x00B92FAC+1478332]
	GetHandleVerifier [0x00B92AFD+1477133]
	GetHandleVerifier [0x00B9AAD8+1509864]
	GetHandleVerifier [0x00B9369E+1480110]
	Ordinal0 [0x008FD6BD+2217661]
	Ordinal0 [0x009089AB+2263467]
	Ordinal0 [0x00908AEF+2263791]
	Ordinal0 [0x0091D363+2347875]
	BaseThreadInitThunk [0x773F6359+25]
	RtlGetAppContainerNamedObjectPath [0x77AF7C24+228]
	RtlGetAppContainerNamedObjectPath [0x77AF7BF4+180]

	at org.openqa.selenium.remote.W3CHandshakeResponse.lambda$errorHandler$0(W3CHandshakeResponse.java:62)
	at org.openqa.selenium.remote.HandshakeResponse.lambda$getResponseFunction$0(HandshakeResponse.java:30)
	at org.openqa.selenium.remote.ProtocolHandshake.lambda$createSession$0(ProtocolHandshake.java:126)
	at java.base/java.util.stream.ReferencePipeline$3$1.accept(ReferencePipeline.java:195)
	at java.base/java.util.Spliterators$ArraySpliterator.tryAdvance(Spliterators.java:958)
	at java.base/java.util.stream.ReferencePipeline.forEachWithCancel(ReferencePipeline.java:127)
	at java.base/java.util.stream.AbstractPipeline.copyIntoWithCancel(AbstractPipeline.java:502)
	at java.base/java.util.stream.AbstractPipeline.copyInto(AbstractPipeline.java:488)
	at java.base/java.util.stream.AbstractPipeline.wrapAndCopyInto(AbstractPipeline.java:474)
	at java.base/java.util.stream.FindOps$FindOp.evaluateSequential(FindOps.java:150)
	at java.base/java.util.stream.AbstractPipeline.evaluate(AbstractPipeline.java:234)
	at java.base/java.util.stream.ReferencePipeline.findFirst(ReferencePipeline.java:543)
	at org.openqa.selenium.remote.ProtocolHandshake.createSession(ProtocolHandshake.java:128)
	at org.openqa.selenium.remote.ProtocolHandshake.createSession(ProtocolHandshake.java:74)
	at org.openqa.selenium.remote.HttpCommandExecutor.execute(HttpCommandExecutor.java:136)
	at org.openqa.selenium.remote.service.DriverCommandExecutor.execute(DriverCommandExecutor.java:83)
	at org.openqa.selenium.remote.RemoteWebDriver.execute(RemoteWebDriver.java:552)
	at org.openqa.selenium.remote.RemoteWebDriver.startSession(RemoteWebDriver.java:213)
	at org.openqa.selenium.remote.RemoteWebDriver.&lt;init&gt;(RemoteWebDriver.java:131)
	at org.openqa.selenium.chrome.ChromeDriver.&lt;init&gt;(ChromeDriver.java:181)
	at org.openqa.selenium.chrome.ChromeDriver.&lt;init&gt;(ChromeDriver.java:168)
	at org.openqa.selenium.chrome.ChromeDriver.&lt;init&gt;(ChromeDriver.java:123)
	at com.selenium.testng.CrossBrowser.chrome(CrossBrowser.java:16)
... Removed 33 stack frames</pre></div><a href='#' onClick='toggleBox("stack-trace424944647", this, "Click to show all stack frames", "Click to hide stack frames")'>Click to show all stack frames</a>
<div class='stack-trace' id='stack-trace424944647'><pre>org.openqa.selenium.SessionNotCreatedException: session not created
from timeout: Timed out receiving message from renderer: 600.000
  (Session info: chrome=87.0.4280.66)
Build info: version: &apos;3.141.59&apos;, revision: &apos;e82be7d358&apos;, time: &apos;2018-11-14T08:17:03&apos;
System info: host: &apos;DESKTOP-UJR729K&apos;, ip: &apos;192.168.56.1&apos;, os.name: &apos;Windows 10&apos;, os.arch: &apos;amd64&apos;, os.version: &apos;10.0&apos;, java.version: &apos;14.0.2&apos;
Driver info: driver.version: ChromeDriver
remote stacktrace: Backtrace:
	Ordinal0 [0x00A0ECE3+3337443]
	Ordinal0 [0x008EF041+2158657]
	Ordinal0 [0x00776FA8+618408]
	Ordinal0 [0x0076AE8F+568975]
	Ordinal0 [0x0076A131+565553]
	Ordinal0 [0x0076A525+566565]
	Ordinal0 [0x00769E45+564805]
	Ordinal0 [0x007735C1+603585]
	Ordinal0 [0x00769E01+564737]
	Ordinal0 [0x0076ABB2+568242]
	Ordinal0 [0x0076A131+565553]
	Ordinal0 [0x0076A525+566565]
	Ordinal0 [0x00769E45+564805]
	Ordinal0 [0x00771A3C+596540]
	Ordinal0 [0x00769E01+564737]
	Ordinal0 [0x0076ABB2+568242]
	Ordinal0 [0x0076A131+565553]
	Ordinal0 [0x0076A525+566565]
	Ordinal0 [0x00769E45+564805]
	Ordinal0 [0x0076FB72+588658]
	Ordinal0 [0x00769E01+564737]
	Ordinal0 [0x0076ABB2+568242]
	Ordinal0 [0x0076A131+565553]
	Ordinal0 [0x0076A525+566565]
	Ordinal0 [0x00769E45+564805]
	Ordinal0 [0x0076ED85+585093]
	Ordinal0 [0x00769E01+564737]
	Ordinal0 [0x0076ABB2+568242]
	Ordinal0 [0x0076A131+565553]
	Ordinal0 [0x0076A525+566565]
	Ordinal0 [0x00769E45+564805]
	Ordinal0 [0x00766486+550022]
	Ordinal0 [0x00769E01+564737]
	Ordinal0 [0x00769C23+564259]
	Ordinal0 [0x00769A17+563735]
	Ordinal0 [0x00777FD0+622544]
	Ordinal0 [0x00716B2D+224045]
	Ordinal0 [0x00715BFC+220156]
	Ordinal0 [0x0071181B+202779]
	Ordinal0 [0x006F3D74+81268]
	Ordinal0 [0x006F4D6E+85358]
	Ordinal0 [0x006F4CF9+85241]
	Ordinal0 [0x00906F2C+2256684]
	GetHandleVerifier [0x00B92FAC+1478332]
	GetHandleVerifier [0x00B92AFD+1477133]
	GetHandleVerifier [0x00B9AAD8+1509864]
	GetHandleVerifier [0x00B9369E+1480110]
	Ordinal0 [0x008FD6BD+2217661]
	Ordinal0 [0x009089AB+2263467]
	Ordinal0 [0x00908AEF+2263791]
	Ordinal0 [0x0091D363+2347875]
	BaseThreadInitThunk [0x773F6359+25]
	RtlGetAppContainerNamedObjectPath [0x77AF7C24+228]
	RtlGetAppContainerNamedObjectPath [0x77AF7BF4+180]

	at java.base/jdk.internal.reflect.NativeConstructorAccessorImpl.newInstance0(Native Method)
	at java.base/jdk.internal.reflect.NativeConstructorAccessorImpl.newInstance(NativeConstructorAccessorImpl.java:62)
	at java.base/jdk.internal.reflect.DelegatingConstructorAccessorImpl.newInstance(DelegatingConstructorAccessorImpl.java:45)
	at java.base/java.lang.reflect.Constructor.newInstanceWithCaller(Constructor.java:500)
	at java.base/java.lang.reflect.Constructor.newInstance(Constructor.java:481)
	at org.openqa.selenium.remote.W3CHandshakeResponse.lambda$errorHandler$0(W3CHandshakeResponse.java:62)
	at org.openqa.selenium.remote.HandshakeResponse.lambda$getResponseFunction$0(HandshakeResponse.java:30)
	at org.openqa.selenium.remote.ProtocolHandshake.lambda$createSession$0(ProtocolHandshake.java:126)
	at java.base/java.util.stream.ReferencePipeline$3$1.accept(ReferencePipeline.java:195)
	at java.base/java.util.Spliterators$ArraySpliterator.tryAdvance(Spliterators.java:958)
	at java.base/java.util.stream.ReferencePipeline.forEachWithCancel(ReferencePipeline.java:127)
	at java.base/java.util.stream.AbstractPipeline.copyIntoWithCancel(AbstractPipeline.java:502)
	at java.base/java.util.stream.AbstractPipeline.copyInto(AbstractPipeline.java:488)
	at java.base/java.util.stream.AbstractPipeline.wrapAndCopyInto(AbstractPipeline.java:474)
	at java.base/java.util.stream.FindOps$FindOp.evaluateSequential(FindOps.java:150)
	at java.base/java.util.stream.AbstractPipeline.evaluate(AbstractPipeline.java:234)
	at java.base/java.util.stream.ReferencePipeline.findFirst(ReferencePipeline.java:543)
	at org.openqa.selenium.remote.ProtocolHandshake.createSession(ProtocolHandshake.java:128)
	at org.openqa.selenium.remote.ProtocolHandshake.createSession(ProtocolHandshake.java:74)
	at org.openqa.selenium.remote.HttpCommandExecutor.execute(HttpCommandExecutor.java:136)
	at org.openqa.selenium.remote.service.DriverCommandExecutor.execute(DriverCommandExecutor.java:83)
	at org.openqa.selenium.remote.RemoteWebDriver.execute(RemoteWebDriver.java:552)
	at org.openqa.selenium.remote.RemoteWebDriver.startSession(RemoteWebDriver.java:213)
	at org.openqa.selenium.remote.RemoteWebDriver.&lt;init&gt;(RemoteWebDriver.java:131)
	at org.openqa.selenium.chrome.ChromeDriver.&lt;init&gt;(ChromeDriver.java:181)
	at org.openqa.selenium.chrome.ChromeDriver.&lt;init&gt;(ChromeDriver.java:168)
	at org.openqa.selenium.chrome.ChromeDriver.&lt;init&gt;(ChromeDriver.java:123)
	at com.selenium.testng.CrossBrowser.chrome(CrossBrowser.java:16)
	at java.base/jdk.internal.reflect.NativeMethodAccessorImpl.invoke0(Native Method)
	at java.base/jdk.internal.reflect.NativeMethodAccessorImpl.invoke(NativeMethodAccessorImpl.java:62)
	at java.base/jdk.internal.reflect.DelegatingMethodAccessorImpl.invoke(DelegatingMethodAccessorImpl.java:43)
	at java.base/java.lang.reflect.Method.invoke(Method.java:564)
	at org.testng.internal.MethodInvocationHelper.invokeMethod(MethodInvocationHelper.java:124)
	at org.testng.internal.Invoker.invokeMethod(Invoker.java:583)
	at org.testng.internal.Invoker.invokeTestMethod(Invoker.java:719)
	at org.testng.internal.Invoker.invokeTestMethods(Invoker.java:989)
	at org.testng.internal.TestMethodWorker.invokeTestMethods(TestMethodWorker.java:125)
	at org.testng.internal.TestMethodWorker.run(TestMethodWorker.java:109)
	at org.testng.TestRunner.privateRun(TestRunner.java:648)
	at org.testng.TestRunner.run(TestRunner.java:505)
	at org.testng.SuiteRunner.runTest(SuiteRunner.java:455)
	at org.testng.SuiteRunner.runSequentially(SuiteRunner.java:450)
	at org.testng.SuiteRunner.privateRun(SuiteRunner.java:415)
	at org.testng.SuiteRunner.run(SuiteRunner.java:364)
	at org.testng.SuiteRunnerWorker.runSuite(SuiteRunnerWorker.java:52)
	at org.testng.SuiteRunnerWorker.run(SuiteRunnerWorker.java:84)
	at org.testng.TestNG.runSuitesSequentially(TestNG.java:1208)
	at org.testng.TestNG.runSuitesLocally(TestNG.java:1137)
	at org.testng.TestNG.runSuites(TestNG.java:1049)
	at org.testng.TestNG.run(TestNG.java:1017)
	at org.apache.maven.surefire.testng.TestNGExecutor.run(TestNGExecutor.java:281)
	at org.apache.maven.surefire.testng.TestNGXmlTestSuite.execute(TestNGXmlTestSuite.java:75)
	at org.apache.maven.surefire.testng.TestNGProvider.invoke(TestNGProvider.java:121)
	at org.apache.maven.surefire.booter.ForkedBooter.invokeProviderInSameClassLoader(ForkedBooter.java:290)
	at org.apache.maven.surefire.booter.ForkedBooter.runSuitesInProcess(ForkedBooter.java:242)
	at org.apache.maven.surefire.booter.ForkedBooter.main(ForkedBooter.java:121)
</pre></div></td>
<td>603</td>
<td>com.selenium.testng.CrossBrowser@2f490758</td></tr>
</table><p>
<table width='100%' border='1' class='invocation-passed'>
<tr><td colspan='4' align='center'><b>PASSED TESTS</b></td></tr>
<tr><td><b>Test method</b></td>
<td width="30%"><b>Exception</b></td>
<td width="10%"><b>Time (seconds)</b></td>
<td><b>Instance</b></td>
</tr>
<tr>
<td title='com.selenium.testng.CrossBrowser.edge()'><b>edge</b><br>Test class: com.selenium.testng.CrossBrowser</td>
<td></td>
<td>8</td>
<td>com.selenium.testng.CrossBrowser@2f490758</td></tr>
<tr>
<td title='com.selenium.testng.CrossBrowser.firefox()'><b>firefox</b><br>Test class: com.selenium.testng.CrossBrowser</td>
<td></td>
<td>9</td>
<td>com.selenium.testng.CrossBrowser@2f490758</td></tr>
</table><p>
</body>
</html>