<?xml version="1.0" encoding="UTF-8"?>
<!-- Generated by org.testng.reporters.JUnitXMLReporter -->
<testsuite ignored="0" hostname="DESKTOP-UJR729K" failures="1" tests="3" name="Test Cases For Cross browser Test" time="621.736" errors="0" timestamp="29 Nov 2020 16:47:21 GMT">
  <testcase classname="com.selenium.testng.CrossBrowser" name="chrome" time="603.195">
    <failure type="org.openqa.selenium.SessionNotCreatedException" message="session not created
from timeout: Timed out receiving message from renderer: 600.000
  (Session info: chrome=87.0.4280.66)
Build info: version: &amp;apos;3.141.59&amp;apos;, revision: &amp;apos;e82be7d358&amp;apos;, time: &amp;apos;2018-11-14T08:17:03&amp;apos;
System info: host: &amp;apos;DESKTOP-UJR729K&amp;apos;, ip: &amp;apos;192.168.56.1&amp;apos;, os.name: &amp;apos;Windows 10&amp;apos;, os.arch: &amp;apos;amd64&amp;apos;, os.version: &amp;apos;10.0&amp;apos;, java.version: &amp;apos;14.0.2&amp;apos;
Driver info: driver.version: ChromeDriver
remote stacktrace: Backtrace:
	Ordinal0 [0x00A0ECE3+3337443]
	Ordinal0 [0x008EF041+2158657]
	Ordinal0 [0x00776FA8+618408]
	Ordinal0 [0x0076AE8F+568975]
	Ordinal0 [0x0076A131+565553]
	Ordinal0 [0x0076A525+566565]
	Ordinal0 [0x00769E45+564805]
	Ordinal0 [0x007735C1+603585]
	Ordinal0 [0x00769E01+564737]
	Ordinal0 [0x0076ABB2+568242]
	Ordinal0 [0x0076A131+565553]
	Ordinal0 [0x0076A525+566565]
	Ordinal0 [0x00769E45+564805]
	Ordinal0 [0x00771A3C+596540]
	Ordinal0 [0x00769E01+564737]
	Ordinal0 [0x0076ABB2+568242]
	Ordinal0 [0x0076A131+565553]
	Ordinal0 [0x0076A525+566565]
	Ordinal0 [0x00769E45+564805]
	Ordinal0 [0x0076FB72+588658]
	Ordinal0 [0x00769E01+564737]
	Ordinal0 [0x0076ABB2+568242]
	Ordinal0 [0x0076A131+565553]
	Ordinal0 [0x0076A525+566565]
	Ordinal0 [0x00769E45+564805]
	Ordinal0 [0x0076ED85+585093]
	Ordinal0 [0x00769E01+564737]
	Ordinal0 [0x0076ABB2+568242]
	Ordinal0 [0x0076A131+565553]
	Ordinal0 [0x0076A525+566565]
	Ordinal0 [0x00769E45+564805]
	Ordinal0 [0x00766486+550022]
	Ordinal0 [0x00769E01+564737]
	Ordinal0 [0x00769C23+564259]
	Ordinal0 [0x00769A17+563735]
	Ordinal0 [0x00777FD0+622544]
	Ordinal0 [0x00716B2D+224045]
	Ordinal0 [0x00715BFC+220156]
	Ordinal0 [0x0071181B+202779]
	Ordinal0 [0x006F3D74+81268]
	Ordinal0 [0x006F4D6E+85358]
	Ordinal0 [0x006F4CF9+85241]
	Ordinal0 [0x00906F2C+2256684]
	GetHandleVerifier [0x00B92FAC+1478332]
	GetHandleVerifier [0x00B92AFD+1477133]
	GetHandleVerifier [0x00B9AAD8+1509864]
	GetHandleVerifier [0x00B9369E+1480110]
	Ordinal0 [0x008FD6BD+2217661]
	Ordinal0 [0x009089AB+2263467]
	Ordinal0 [0x00908AEF+2263791]
	Ordinal0 [0x0091D363+2347875]
	BaseThreadInitThunk [0x773F6359+25]
	RtlGetAppContainerNamedObjectPath [0x77AF7C24+228]
	RtlGetAppContainerNamedObjectPath [0x77AF7BF4+180]
">
      <![CDATA[org.openqa.selenium.SessionNotCreatedException: session not created
from timeout: Timed out receiving message from renderer: 600.000
  (Session info: chrome=87.0.4280.66)
Build info: version: '3.141.59', revision: 'e82be7d358', time: '2018-11-14T08:17:03'
System info: host: 'DESKTOP-UJR729K', ip: '192.168.56.1', os.name: 'Windows 10', os.arch: 'amd64', os.version: '10.0', java.version: '14.0.2'
Driver info: driver.version: ChromeDriver
remote stacktrace: Backtrace:
Ordinal0 [0x00A0ECE3+3337443]
Ordinal0 [0x008EF041+2158657]
Ordinal0 [0x00776FA8+618408]
Ordinal0 [0x0076AE8F+568975]
Ordinal0 [0x0076A131+565553]
Ordinal0 [0x0076A525+566565]
Ordinal0 [0x00769E45+564805]
Ordinal0 [0x007735C1+603585]
Ordinal0 [0x00769E01+564737]
Ordinal0 [0x0076ABB2+568242]
Ordinal0 [0x0076A131+565553]
Ordinal0 [0x0076A525+566565]
Ordinal0 [0x00769E45+564805]
Ordinal0 [0x00771A3C+596540]
Ordinal0 [0x00769E01+564737]
Ordinal0 [0x0076ABB2+568242]
Ordinal0 [0x0076A131+565553]
Ordinal0 [0x0076A525+566565]
Ordinal0 [0x00769E45+564805]
Ordinal0 [0x0076FB72+588658]
Ordinal0 [0x00769E01+564737]
Ordinal0 [0x0076ABB2+568242]
Ordinal0 [0x0076A131+565553]
Ordinal0 [0x0076A525+566565]
Ordinal0 [0x00769E45+564805]
Ordinal0 [0x0076ED85+585093]
Ordinal0 [0x00769E01+564737]
Ordinal0 [0x0076ABB2+568242]
Ordinal0 [0x0076A131+565553]
Ordinal0 [0x0076A525+566565]
Ordinal0 [0x00769E45+564805]
Ordinal0 [0x00766486+550022]
Ordinal0 [0x00769E01+564737]
Ordinal0 [0x00769C23+564259]
Ordinal0 [0x00769A17+563735]
Ordinal0 [0x00777FD0+622544]
Ordinal0 [0x00716B2D+224045]
Ordinal0 [0x00715BFC+220156]
Ordinal0 [0x0071181B+202779]
Ordinal0 [0x006F3D74+81268]
Ordinal0 [0x006F4D6E+85358]
Ordinal0 [0x006F4CF9+85241]
Ordinal0 [0x00906F2C+2256684]
GetHandleVerifier [0x00B92FAC+1478332]
GetHandleVerifier [0x00B92AFD+1477133]
GetHandleVerifier [0x00B9AAD8+1509864]
GetHandleVerifier [0x00B9369E+1480110]
Ordinal0 [0x008FD6BD+2217661]
Ordinal0 [0x009089AB+2263467]
Ordinal0 [0x00908AEF+2263791]
Ordinal0 [0x0091D363+2347875]
BaseThreadInitThunk [0x773F6359+25]
RtlGetAppContainerNamedObjectPath [0x77AF7C24+228]
RtlGetAppContainerNamedObjectPath [0x77AF7BF4+180]

at org.openqa.selenium.remote.W3CHandshakeResponse.lambda$errorHandler$0(W3CHandshakeResponse.java:62)
at org.openqa.selenium.remote.HandshakeResponse.lambda$getResponseFunction$0(HandshakeResponse.java:30)
at org.openqa.selenium.remote.ProtocolHandshake.lambda$createSession$0(ProtocolHandshake.java:126)
at java.base/java.util.stream.ReferencePipeline$3$1.accept(ReferencePipeline.java:195)
at java.base/java.util.Spliterators$ArraySpliterator.tryAdvance(Spliterators.java:958)
at java.base/java.util.stream.ReferencePipeline.forEachWithCancel(ReferencePipeline.java:127)
at java.base/java.util.stream.AbstractPipeline.copyIntoWithCancel(AbstractPipeline.java:502)
at java.base/java.util.stream.AbstractPipeline.copyInto(AbstractPipeline.java:488)
at java.base/java.util.stream.AbstractPipeline.wrapAndCopyInto(AbstractPipeline.java:474)
at java.base/java.util.stream.FindOps$FindOp.evaluateSequential(FindOps.java:150)
at java.base/java.util.stream.AbstractPipeline.evaluate(AbstractPipeline.java:234)
at java.base/java.util.stream.ReferencePipeline.findFirst(ReferencePipeline.java:543)
at org.openqa.selenium.remote.ProtocolHandshake.createSession(ProtocolHandshake.java:128)
at org.openqa.selenium.remote.ProtocolHandshake.createSession(ProtocolHandshake.java:74)
at org.openqa.selenium.remote.HttpCommandExecutor.execute(HttpCommandExecutor.java:136)
at org.openqa.selenium.remote.service.DriverCommandExecutor.execute(DriverCommandExecutor.java:83)
at org.openqa.selenium.remote.RemoteWebDriver.execute(RemoteWebDriver.java:552)
at org.openqa.selenium.remote.RemoteWebDriver.startSession(RemoteWebDriver.java:213)
at org.openqa.selenium.remote.RemoteWebDriver.<init>(RemoteWebDriver.java:131)
at org.openqa.selenium.chrome.ChromeDriver.<init>(ChromeDriver.java:181)
at org.openqa.selenium.chrome.ChromeDriver.<init>(ChromeDriver.java:168)
at org.openqa.selenium.chrome.ChromeDriver.<init>(ChromeDriver.java:123)
at com.selenium.testng.CrossBrowser.chrome(CrossBrowser.java:16)
... Removed 33 stack frames]]>
    </failure>
  </testcase> <!-- chrome -->
  <testcase classname="com.selenium.testng.CrossBrowser" name="firefox" time="9.751"/>
  <testcase classname="com.selenium.testng.CrossBrowser" name="edge" time="8.774"/>
</testsuite> <!-- Test Cases For Cross browser Test -->
