<?xml version="1.0" encoding="UTF-8"?>
<testsuite xmlns:xsi="http://www.w3.org/2001/XMLSchema-instance" xsi:schemaLocation="https://maven.apache.org/surefire/maven-surefire-plugin/xsd/surefire-test-report.xsd" name="TestSuite" time="659.01" tests="7" errors="0" skipped="0" failures="1">
  <properties>
    <property name="java.runtime.name" value="Java(TM) SE Runtime Environment"/>
    <property name="java.vm.version" value="14.0.2+12-46"/>
    <property name="sun.boot.library.path" value="C:\Program Files\Java\jdk-14.0.2\bin"/>
    <property name="maven.multiModuleProjectDirectory" value="C:\Windows\system32\config\systemprofile\AppData\Local\Jenkins\.jenkins\workspace\Selenium-TestNG"/>
    <property name="java.vm.vendor" value="Oracle Corporation"/>
    <property name="java.vendor.url" value="https://java.oracle.com/"/>
    <property name="guice.disable.misplaced.annotation.check" value="true"/>
    <property name="path.separator" value=";"/>
    <property name="java.vm.name" value="Java HotSpot(TM) 64-Bit Server VM"/>
    <property name="sun.os.patch.level" value=""/>
    <property name="user.script" value=""/>
    <property name="user.country" value="US"/>
    <property name="sun.java.launcher" value="SUN_STANDARD"/>
    <property name="java.vm.specification.name" value="Java Virtual Machine Specification"/>
    <property name="user.dir" value="C:\Windows\System32\config\systemprofile\AppData\Local\Jenkins\.jenkins\workspace\Selenium-TestNG"/>
    <property name="java.vm.compressedOopsMode" value="Zero based"/>
    <property name="java.runtime.version" value="14.0.2+12-46"/>
    <property name="os.arch" value="amd64"/>
    <property name="java.io.tmpdir" value="C:\Windows\TEMP\"/>
    <property name="line.separator" value="&#10;"/>
    <property name="java.vm.specification.vendor" value="Oracle Corporation"/>
    <property name="user.variant" value=""/>
    <property name="os.name" value="Windows 10"/>
    <property name="classworlds.conf" value="C:\Program Files\apache-maven-3.6.3-bin\apache-maven-3.6.3\bin\..\bin\m2.conf"/>
    <property name="sun.jnu.encoding" value="Cp1252"/>
    <property name="java.library.path" value="C:\Program Files\Java\jdk-14.0.2\bin;C:\Windows\Sun\Java\bin;C:\Windows\system32;C:\Windows;C:\Program Files\apache-maven-3.6.3-bin\apache-maven-3.6.3/bin;C:\Program Files\Java\jdk-14.0.2/bin;C:\Program Files\Java\jdk-14.0.2/bin;C:\Program Files (x86)\Common Files\Oracle\Java\javapath;C:\Windows\system32;C:\Windows;C:\Windows\System32\Wbem;C:\Windows\System32\WindowsPowerShell\v1.0\;C:\Windows\System32\OpenSSH\;C:\Program Files\dotnet\;C:\Program Files\Java\jdk-14.0.2\bin;C:\Users\Abhinav\AppData\Local\Microsoft\WindowsApps;C:\Users\Abhinav\.dotnet\tools;."/>
    <property name="maven.conf" value="C:\Program Files\apache-maven-3.6.3-bin\apache-maven-3.6.3\bin\../conf"/>
    <property name="jdk.debug" value="release"/>
    <property name="java.class.version" value="58.0"/>
    <property name="java.specification.name" value="Java Platform API Specification"/>
    <property name="sun.management.compiler" value="HotSpot 64-Bit Tiered Compilers"/>
    <property name="os.version" value="10.0"/>
    <property name="library.jansi.path" value="C:\Program Files\apache-maven-3.6.3-bin\apache-maven-3.6.3\bin\..\lib\jansi-native"/>
    <property name="user.home" value="C:\Windows\system32\config\systemprofile"/>
    <property name="user.timezone" value="Asia/Calcutta"/>
    <property name="file.encoding" value="Cp1252"/>
    <property name="java.specification.version" value="14"/>
    <property name="user.name" value="DESKTOP-UJR729K$"/>
    <property name="java.class.path" value="C:\Program Files\apache-maven-3.6.3-bin\apache-maven-3.6.3\bin\..\boot\plexus-classworlds-2.6.0.jar"/>
    <property name="java.vm.specification.version" value="14"/>
    <property name="sun.arch.data.model" value="64"/>
    <property name="sun.java.command" value="org.codehaus.plexus.classworlds.launcher.Launcher -f C:\Users\Abhinav\eclipse-workspace_New\selenium-project2\pom.xml clean install"/>
    <property name="java.home" value="C:\Program Files\Java\jdk-14.0.2"/>
    <property name="user.language" value="en"/>
    <property name="java.specification.vendor" value="Oracle Corporation"/>
    <property name="java.vm.info" value="mixed mode, sharing"/>
    <property name="java.version" value="14.0.2"/>
    <property name="java.vendor" value="Oracle Corporation"/>
    <property name="maven.home" value="C:\Program Files\apache-maven-3.6.3-bin\apache-maven-3.6.3\bin\.."/>
    <property name="file.separator" value="\"/>
    <property name="java.version.date" value="2020-07-14"/>
    <property name="java.vendor.url.bug" value="https://bugreport.java.com/bugreport/"/>
    <property name="sun.io.unicode.encoding" value="UnicodeLittle"/>
    <property name="sun.cpu.endian" value="little"/>
    <property name="sun.cpu.isalist" value="amd64"/>
  </properties>
  <testcase name="loginTestUser" classname="com.selenium.testng.LoginTC" time="14.746"/>
  <testcase name="loginAdmin" classname="com.selenium.testng.LoginTC" time="4.984"/>
  <testcase name="loginAdmin" classname="com.selenium.testng.LoginTC_dependson" time="5.828"/>
  <testcase name="logoutTestUser" classname="com.selenium.testng.LoginTC_dependson" time="1.326"/>
  <testcase name="chrome" classname="com.selenium.testng.CrossBrowser" time="603.211">
    <failure message="session not created&#10;from timeout: Timed out receiving message from renderer: 600.000&#10;  (Session info: chrome=87.0.4280.66)&#10;Build info: version: &apos;3.141.59&apos;, revision: &apos;e82be7d358&apos;, time: &apos;2018-11-14T08:17:03&apos;&#10;System info: host: &apos;DESKTOP-UJR729K&apos;, ip: &apos;192.168.56.1&apos;, os.name: &apos;Windows 10&apos;, os.arch: &apos;amd64&apos;, os.version: &apos;10.0&apos;, java.version: &apos;14.0.2&apos;&#10;Driver info: driver.version: ChromeDriver&#10;remote stacktrace: Backtrace:&#10;	Ordinal0 [0x00A0ECE3+3337443]&#10;	Ordinal0 [0x008EF041+2158657]&#10;	Ordinal0 [0x00776FA8+618408]&#10;	Ordinal0 [0x0076AE8F+568975]&#10;	Ordinal0 [0x0076A131+565553]&#10;	Ordinal0 [0x0076A525+566565]&#10;	Ordinal0 [0x00769E45+564805]&#10;	Ordinal0 [0x007735C1+603585]&#10;	Ordinal0 [0x00769E01+564737]&#10;	Ordinal0 [0x0076ABB2+568242]&#10;	Ordinal0 [0x0076A131+565553]&#10;	Ordinal0 [0x0076A525+566565]&#10;	Ordinal0 [0x00769E45+564805]&#10;	Ordinal0 [0x00771A3C+596540]&#10;	Ordinal0 [0x00769E01+564737]&#10;	Ordinal0 [0x0076ABB2+568242]&#10;	Ordinal0 [0x0076A131+565553]&#10;	Ordinal0 [0x0076A525+566565]&#10;	Ordinal0 [0x00769E45+564805]&#10;	Ordinal0 [0x0076FB72+588658]&#10;	Ordinal0 [0x00769E01+564737]&#10;	Ordinal0 [0x0076ABB2+568242]&#10;	Ordinal0 [0x0076A131+565553]&#10;	Ordinal0 [0x0076A525+566565]&#10;	Ordinal0 [0x00769E45+564805]&#10;	Ordinal0 [0x0076ED85+585093]&#10;	Ordinal0 [0x00769E01+564737]&#10;	Ordinal0 [0x0076ABB2+568242]&#10;	Ordinal0 [0x0076A131+565553]&#10;	Ordinal0 [0x0076A525+566565]&#10;	Ordinal0 [0x00769E45+564805]&#10;	Ordinal0 [0x00766486+550022]&#10;	Ordinal0 [0x00769E01+564737]&#10;	Ordinal0 [0x00769C23+564259]&#10;	Ordinal0 [0x00769A17+563735]&#10;	Ordinal0 [0x00777FD0+622544]&#10;	Ordinal0 [0x00716B2D+224045]&#10;	Ordinal0 [0x00715BFC+220156]&#10;	Ordinal0 [0x0071181B+202779]&#10;	Ordinal0 [0x006F3D74+81268]&#10;	Ordinal0 [0x006F4D6E+85358]&#10;	Ordinal0 [0x006F4CF9+85241]&#10;	Ordinal0 [0x00906F2C+2256684]&#10;	GetHandleVerifier [0x00B92FAC+1478332]&#10;	GetHandleVerifier [0x00B92AFD+1477133]&#10;	GetHandleVerifier [0x00B9AAD8+1509864]&#10;	GetHandleVerifier [0x00B9369E+1480110]&#10;	Ordinal0 [0x008FD6BD+2217661]&#10;	Ordinal0 [0x009089AB+2263467]&#10;	Ordinal0 [0x00908AEF+2263791]&#10;	Ordinal0 [0x0091D363+2347875]&#10;	BaseThreadInitThunk [0x773F6359+25]&#10;	RtlGetAppContainerNamedObjectPath [0x77AF7C24+228]&#10;	RtlGetAppContainerNamedObjectPath [0x77AF7BF4+180]&#10;" type="org.openqa.selenium.SessionNotCreatedException">org.openqa.selenium.SessionNotCreatedException: 
session not created
from timeout: Timed out receiving message from renderer: 600.000
  (Session info: chrome=87.0.4280.66)
Build info: version: '3.141.59', revision: 'e82be7d358', time: '2018-11-14T08:17:03'
System info: host: 'DESKTOP-UJR729K', ip: '192.168.56.1', os.name: 'Windows 10', os.arch: 'amd64', os.version: '10.0', java.version: '14.0.2'
Driver info: driver.version: ChromeDriver
remote stacktrace: Backtrace:
	Ordinal0 [0x00A0ECE3+3337443]
	Ordinal0 [0x008EF041+2158657]
	Ordinal0 [0x00776FA8+618408]
	Ordinal0 [0x0076AE8F+568975]
	Ordinal0 [0x0076A131+565553]
	Ordinal0 [0x0076A525+566565]
	Ordinal0 [0x00769E45+564805]
	Ordinal0 [0x007735C1+603585]
	Ordinal0 [0x00769E01+564737]
	Ordinal0 [0x0076ABB2+568242]
	Ordinal0 [0x0076A131+565553]
	Ordinal0 [0x0076A525+566565]
	Ordinal0 [0x00769E45+564805]
	Ordinal0 [0x00771A3C+596540]
	Ordinal0 [0x00769E01+564737]
	Ordinal0 [0x0076ABB2+568242]
	Ordinal0 [0x0076A131+565553]
	Ordinal0 [0x0076A525+566565]
	Ordinal0 [0x00769E45+564805]
	Ordinal0 [0x0076FB72+588658]
	Ordinal0 [0x00769E01+564737]
	Ordinal0 [0x0076ABB2+568242]
	Ordinal0 [0x0076A131+565553]
	Ordinal0 [0x0076A525+566565]
	Ordinal0 [0x00769E45+564805]
	Ordinal0 [0x0076ED85+585093]
	Ordinal0 [0x00769E01+564737]
	Ordinal0 [0x0076ABB2+568242]
	Ordinal0 [0x0076A131+565553]
	Ordinal0 [0x0076A525+566565]
	Ordinal0 [0x00769E45+564805]
	Ordinal0 [0x00766486+550022]
	Ordinal0 [0x00769E01+564737]
	Ordinal0 [0x00769C23+564259]
	Ordinal0 [0x00769A17+563735]
	Ordinal0 [0x00777FD0+622544]
	Ordinal0 [0x00716B2D+224045]
	Ordinal0 [0x00715BFC+220156]
	Ordinal0 [0x0071181B+202779]
	Ordinal0 [0x006F3D74+81268]
	Ordinal0 [0x006F4D6E+85358]
	Ordinal0 [0x006F4CF9+85241]
	Ordinal0 [0x00906F2C+2256684]
	GetHandleVerifier [0x00B92FAC+1478332]
	GetHandleVerifier [0x00B92AFD+1477133]
	GetHandleVerifier [0x00B9AAD8+1509864]
	GetHandleVerifier [0x00B9369E+1480110]
	Ordinal0 [0x008FD6BD+2217661]
	Ordinal0 [0x009089AB+2263467]
	Ordinal0 [0x00908AEF+2263791]
	Ordinal0 [0x0091D363+2347875]
	BaseThreadInitThunk [0x773F6359+25]
	RtlGetAppContainerNamedObjectPath [0x77AF7C24+228]
	RtlGetAppContainerNamedObjectPath [0x77AF7BF4+180]

	at com.selenium.testng.CrossBrowser.chrome(CrossBrowser.java:16)
</failure>
    <system-err><![CDATA[Starting ChromeDriver 87.0.4280.20 (c99e81631faa0b2a448e658c0dbd8311fb04ddbd-refs/branch-heads/4280@{#355}) on port 32939
Only local connections are allowed.
Please see https://chromedriver.chromium.org/security-considerations for suggestions on keeping ChromeDriver safe.
ChromeDriver was started successfully.
[1606668422.547][SEVERE]: Timed out receiving message from renderer: 600.000
]]></system-err>
  </testcase>
  <testcase name="firefox" classname="com.selenium.testng.CrossBrowser" time="9.748"/>
  <testcase name="edge" classname="com.selenium.testng.CrossBrowser" time="8.775"/>
</testsuite>