<?xml version="1.0" encoding="UTF-8"?>
<!-- Generated by org.testng.reporters.JUnitReportReporter -->
<testsuite hostname="DESKTOP-UJR729K" failures="0" tests="3" name="com.selenium.testng.CrossBrowser" time="621.720" errors="1" timestamp="29 Nov 2020 16:47:21 GMT" skipped="0">
  <testcase classname="com.selenium.testng.CrossBrowser" name="chrome" time="603.195">
    <error message="session not created
from timeout: Timed out receiving message from renderer: 600.000
  (Session info: chrome=87.0.4280.66)
Build info: version: &#039;3.141.59&#039;, revision: &#039;e82be7d358&#039;, time: &#039;2018-11-14T08:17:03&#039;
System info: host: &#039;DESKTOP-UJR729K&#039;, ip: &#039;192.168.56.1&#039;, os.name: &#039;Windows 10&#039;, os.arch: &#039;amd64&#039;, os.version: &#039;10.0&#039;, java.version: &#039;14.0.2&#039;
Driver info: driver.version: ChromeDriver
remote stacktrace: Backtrace:
	Ordinal0 [0x00A0ECE3+3337443]
	Ordinal0 [0x008EF041+2158657]
	Ordinal0 [0x00776FA8+618408]
	Ordinal0 [0x0076AE8F+568975]
	Ordinal0 [0x0076A131+565553]
	Ordinal0 [0x0076A525+566565]
	Ordinal0 [0x00769E45+564805]
	Ordinal0 [0x007735C1+603585]
	Ordinal0 [0x00769E01+564737]
	Ordinal0 [0x0076ABB2+568242]
	Ordinal0 [0x0076A131+565553]
	Ordinal0 [0x0076A525+566565]
	Ordinal0 [0x00769E45+564805]
	Ordinal0 [0x00771A3C+596540]
	Ordinal0 [0x00769E01+564737]
	Ordinal0 [0x0076ABB2+568242]
	Ordinal0 [0x0076A131+565553]
	Ordinal0 [0x0076A525+566565]
	Ordinal0 [0x00769E45+564805]
	Ordinal0 [0x0076FB72+588658]
	Ordinal0 [0x00769E01+564737]
	Ordinal0 [0x0076ABB2+568242]
	Ordinal0 [0x0076A131+565553]
	Ordinal0 [0x0076A525+566565]
	Ordinal0 [0x00769E45+564805]
	Ordinal0 [0x0076ED85+585093]
	Ordinal0 [0x00769E01+564737]
	Ordinal0 [0x0076ABB2+568242]
	Ordinal0 [0x0076A131+565553]
	Ordinal0 [0x0076A525+566565]
	Ordinal0 [0x00769E45+564805]
	Ordinal0 [0x00766486+550022]
	Ordinal0 [0x00769E01+564737]
	Ordinal0 [0x00769C23+564259]
	Ordinal0 [0x00769A17+563735]
	Ordinal0 [0x00777FD0+622544]
	Ordinal0 [0x00716B2D+224045]
	Ordinal0 [0x00715BFC+220156]
	Ordinal0 [0x0071181B+202779]
	Ordinal0 [0x006F3D74+81268]
	Ordinal0 [0x006F4D6E+85358]
	Ordinal0 [0x006F4CF9+85241]
	Ordinal0 [0x00906F2C+2256684]
	GetHandleVerifier [0x00B92FAC+1478332]
	GetHandleVerifier [0x00B92AFD+1477133]
	GetHandleVerifier [0x00B9AAD8+1509864]
	GetHandleVerifier [0x00B9369E+1480110]
	Ordinal0 [0x008FD6BD+2217661]
	Ordinal0 [0x009089AB+2263467]
	Ordinal0 [0x00908AEF+2263791]
	Ordinal0 [0x0091D363+2347875]
	BaseThreadInitThunk [0x773F6359+25]
	RtlGetAppContainerNamedObjectPath [0x77AF7C24+228]
	RtlGetAppContainerNamedObjectPath [0x77AF7BF4+180]
" type="org.openqa.selenium.SessionNotCreatedException">
      <![CDATA[org.openqa.selenium.SessionNotCreatedException: session not created
from timeout: Timed out receiving message from renderer: 600.000
  (Session info: chrome=87.0.4280.66)
Build info: version: '3.141.59', revision: 'e82be7d358', time: '2018-11-14T08:17:03'
System info: host: 'DESKTOP-UJR729K', ip: '192.168.56.1', os.name: 'Windows 10', os.arch: 'amd64', os.version: '10.0', java.version: '14.0.2'
Driver info: driver.version: ChromeDriver
remote stacktrace: Backtrace:
Ordinal0 [0x00A0ECE3+3337443]
Ordinal0 [0x008EF041+2158657]
Ordinal0 [0x00776FA8+618408]
Ordinal0 [0x0076AE8F+568975]
Ordinal0 [0x0076A131+565553]
Ordinal0 [0x0076A525+566565]
Ordinal0 [0x00769E45+564805]
Ordinal0 [0x007735C1+603585]
Ordinal0 [0x00769E01+564737]
Ordinal0 [0x0076ABB2+568242]
Ordinal0 [0x0076A131+565553]
Ordinal0 [0x0076A525+566565]
Ordinal0 [0x00769E45+564805]
Ordinal0 [0x00771A3C+596540]
Ordinal0 [0x00769E01+564737]
Ordinal0 [0x0076ABB2+568242]
Ordinal0 [0x0076A131+565553]
Ordinal0 [0x0076A525+566565]
Ordinal0 [0x00769E45+564805]
Ordinal0 [0x0076FB72+588658]
Ordinal0 [0x00769E01+564737]
Ordinal0 [0x0076ABB2+568242]
Ordinal0 [0x0076A131+565553]
Ordinal0 [0x0076A525+566565]
Ordinal0 [0x00769E45+564805]
Ordinal0 [0x0076ED85+585093]
Ordinal0 [0x00769E01+564737]
Ordinal0 [0x0076ABB2+568242]
Ordinal0 [0x0076A131+565553]
Ordinal0 [0x0076A525+566565]
Ordinal0 [0x00769E45+564805]
Ordinal0 [0x00766486+550022]
Ordinal0 [0x00769E01+564737]
Ordinal0 [0x00769C23+564259]
Ordinal0 [0x00769A17+563735]
Ordinal0 [0x00777FD0+622544]
Ordinal0 [0x00716B2D+224045]
Ordinal0 [0x00715BFC+220156]
Ordinal0 [0x0071181B+202779]
Ordinal0 [0x006F3D74+81268]
Ordinal0 [0x006F4D6E+85358]
Ordinal0 [0x006F4CF9+85241]
Ordinal0 [0x00906F2C+2256684]
GetHandleVerifier [0x00B92FAC+1478332]
GetHandleVerifier [0x00B92AFD+1477133]
GetHandleVerifier [0x00B9AAD8+1509864]
GetHandleVerifier [0x00B9369E+1480110]
Ordinal0 [0x008FD6BD+2217661]
Ordinal0 [0x009089AB+2263467]
Ordinal0 [0x00908AEF+2263791]
Ordinal0 [0x0091D363+2347875]
BaseThreadInitThunk [0x773F6359+25]
RtlGetAppContainerNamedObjectPath [0x77AF7C24+228]
RtlGetAppContainerNamedObjectPath [0x77AF7BF4+180]

at java.base/jdk.internal.reflect.NativeConstructorAccessorImpl.newInstance0(Native Method)
at java.base/jdk.internal.reflect.NativeConstructorAccessorImpl.newInstance(NativeConstructorAccessorImpl.java:62)
at java.base/jdk.internal.reflect.DelegatingConstructorAccessorImpl.newInstance(DelegatingConstructorAccessorImpl.java:45)
at java.base/java.lang.reflect.Constructor.newInstanceWithCaller(Constructor.java:500)
at java.base/java.lang.reflect.Constructor.newInstance(Constructor.java:481)
at org.openqa.selenium.remote.W3CHandshakeResponse.lambda$errorHandler$0(W3CHandshakeResponse.java:62)
at org.openqa.selenium.remote.HandshakeResponse.lambda$getResponseFunction$0(HandshakeResponse.java:30)
at org.openqa.selenium.remote.ProtocolHandshake.lambda$createSession$0(ProtocolHandshake.java:126)
at java.base/java.util.stream.ReferencePipeline$3$1.accept(ReferencePipeline.java:195)
at java.base/java.util.Spliterators$ArraySpliterator.tryAdvance(Spliterators.java:958)
at java.base/java.util.stream.ReferencePipeline.forEachWithCancel(ReferencePipeline.java:127)
at java.base/java.util.stream.AbstractPipeline.copyIntoWithCancel(AbstractPipeline.java:502)
at java.base/java.util.stream.AbstractPipeline.copyInto(AbstractPipeline.java:488)
at java.base/java.util.stream.AbstractPipeline.wrapAndCopyInto(AbstractPipeline.java:474)
at java.base/java.util.stream.FindOps$FindOp.evaluateSequential(FindOps.java:150)
at java.base/java.util.stream.AbstractPipeline.evaluate(AbstractPipeline.java:234)
at java.base/java.util.stream.ReferencePipeline.findFirst(ReferencePipeline.java:543)
at org.openqa.selenium.remote.ProtocolHandshake.createSession(ProtocolHandshake.java:128)
at org.openqa.selenium.remote.ProtocolHandshake.createSession(ProtocolHandshake.java:74)
at org.openqa.selenium.remote.HttpCommandExecutor.execute(HttpCommandExecutor.java:136)
at org.openqa.selenium.remote.service.DriverCommandExecutor.execute(DriverCommandExecutor.java:83)
at org.openqa.selenium.remote.RemoteWebDriver.execute(RemoteWebDriver.java:552)
at org.openqa.selenium.remote.RemoteWebDriver.startSession(RemoteWebDriver.java:213)
at org.openqa.selenium.remote.RemoteWebDriver.<init>(RemoteWebDriver.java:131)
at org.openqa.selenium.chrome.ChromeDriver.<init>(ChromeDriver.java:181)
at org.openqa.selenium.chrome.ChromeDriver.<init>(ChromeDriver.java:168)
at org.openqa.selenium.chrome.ChromeDriver.<init>(ChromeDriver.java:123)
at com.selenium.testng.CrossBrowser.chrome(CrossBrowser.java:16)
at java.base/jdk.internal.reflect.NativeMethodAccessorImpl.invoke0(Native Method)
at java.base/jdk.internal.reflect.NativeMethodAccessorImpl.invoke(NativeMethodAccessorImpl.java:62)
at java.base/jdk.internal.reflect.DelegatingMethodAccessorImpl.invoke(DelegatingMethodAccessorImpl.java:43)
at java.base/java.lang.reflect.Method.invoke(Method.java:564)
at org.testng.internal.MethodInvocationHelper.invokeMethod(MethodInvocationHelper.java:124)
at org.testng.internal.Invoker.invokeMethod(Invoker.java:583)
at org.testng.internal.Invoker.invokeTestMethod(Invoker.java:719)
at org.testng.internal.Invoker.invokeTestMethods(Invoker.java:989)
at org.testng.internal.TestMethodWorker.invokeTestMethods(TestMethodWorker.java:125)
at org.testng.internal.TestMethodWorker.run(TestMethodWorker.java:109)
at org.testng.TestRunner.privateRun(TestRunner.java:648)
at org.testng.TestRunner.run(TestRunner.java:505)
at org.testng.SuiteRunner.runTest(SuiteRunner.java:455)
at org.testng.SuiteRunner.runSequentially(SuiteRunner.java:450)
at org.testng.SuiteRunner.privateRun(SuiteRunner.java:415)
at org.testng.SuiteRunner.run(SuiteRunner.java:364)
at org.testng.SuiteRunnerWorker.runSuite(SuiteRunnerWorker.java:52)
at org.testng.SuiteRunnerWorker.run(SuiteRunnerWorker.java:84)
at org.testng.TestNG.runSuitesSequentially(TestNG.java:1208)
at org.testng.TestNG.runSuitesLocally(TestNG.java:1137)
at org.testng.TestNG.runSuites(TestNG.java:1049)
at org.testng.TestNG.run(TestNG.java:1017)
at org.apache.maven.surefire.testng.TestNGExecutor.run(TestNGExecutor.java:281)
at org.apache.maven.surefire.testng.TestNGXmlTestSuite.execute(TestNGXmlTestSuite.java:75)
at org.apache.maven.surefire.testng.TestNGProvider.invoke(TestNGProvider.java:121)
at org.apache.maven.surefire.booter.ForkedBooter.invokeProviderInSameClassLoader(ForkedBooter.java:290)
at org.apache.maven.surefire.booter.ForkedBooter.runSuitesInProcess(ForkedBooter.java:242)
at org.apache.maven.surefire.booter.ForkedBooter.main(ForkedBooter.java:121)
]]>
    </error>
  </testcase> <!-- chrome -->
  <testcase classname="com.selenium.testng.CrossBrowser" name="firefox" time="9.751"/>
  <testcase classname="com.selenium.testng.CrossBrowser" name="edge" time="8.774"/>
</testsuite> <!-- com.selenium.testng.CrossBrowser -->
